<?xml version="1.0" encoding="UTF-8"?>
<testsuite xmlns:xsi="http://www.w3.org/2001/XMLSchema-instance" xsi:noNamespaceSchemaLocation="https://maven.apache.org/surefire/maven-surefire-plugin/xsd/surefire-test-report.xsd" version="3.0.2" name="g.sants.challenge_e_commerce.repository_test.CartRepositoryTests" time="4.455" tests="5" errors="0" skipped="0" failures="0">
  <properties>
[...]
</properties>
  <testcase name="CartRepository_FindAllCarts" classname="g.sants.challenge_e_commerce.repository_test.CartRepositoryTests" time="0.953">
    <system-out><![CDATA[2025-06-09T13:19:09.679-03:00  INFO 22252 --- [challenge_e-commerce] [           main] t.c.s.AnnotationConfigContextLoaderUtils : Could not detect default configuration classes for test class [g.sants.challenge_e_commerce.repository_test.CartRepositoryTests]: CartRepositoryTests does not declare any static, non-private, non-final, nested classes annotated with @Configuration.
2025-06-09T13:19:09.780-03:00  INFO 22252 --- [challenge_e-commerce] [           main] .b.t.c.SpringBootTestContextBootstrapper : Found @SpringBootConfiguration g.sants.challenge_e_commerce.ChallengeECommerceApplication for test class g.sants.challenge_e_commerce.repository_test.CartRepositoryTests

  .   ____          _            __ _ _
 /\\ / ___'_ __ _ _(_)_ __  __ _ \ \ \ \
( ( )\___ | '_ | '_| | '_ \/ _` | \ \ \ \
 \\/  ___)| |_)| | | | | || (_| |  ) ) ) )
  '  |____| .__|_| |_|_| |_\__, | / / / /
 =========|_|==============|___/=/_/_/_/

 :: Spring Boot ::                (v3.4.3)

2025-06-09T13:19:09.853-03:00  INFO 22252 --- [challenge_e-commerce] [           main] g.s.c.r.CartRepositoryTests              : Starting CartRepositoryTests using Java 17.0.2 with PID 22252 (started by g.alves.dos.santos in C:\Users\g.alves.dos.santos\Documents\GitHub\challenge_spring_ddd_e-commerce)
2025-06-09T13:19:09.854-03:00  INFO 22252 --- [challenge_e-commerce] [           main] g.s.c.r.CartRepositoryTests              : No active profile set, falling back to 1 default profile: "default"
2025-06-09T13:19:10.160-03:00  INFO 22252 --- [challenge_e-commerce] [           main] .s.d.r.c.RepositoryConfigurationDelegate : Bootstrapping Spring Data JPA repositories in DEFAULT mode.
2025-06-09T13:19:10.264-03:00  INFO 22252 --- [challenge_e-commerce] [           main] .s.d.r.c.RepositoryConfigurationDelegate : Finished Spring Data repository scanning in 99 ms. Found 4 JPA repository interfaces.
2025-06-09T13:19:10.303-03:00  INFO 22252 --- [challenge_e-commerce] [           main] beddedDataSourceBeanFactoryPostProcessor : Replacing 'dataSource' DataSource bean with embedded version
2025-06-09T13:19:10.386-03:00  INFO 22252 --- [challenge_e-commerce] [           main] o.s.j.d.e.EmbeddedDatabaseFactory        : Starting embedded database: url='jdbc:h2:mem:a65715ee-c008-4c04-b1b4-6bddcb639842;DB_CLOSE_DELAY=-1;DB_CLOSE_ON_EXIT=false', username='sa'
2025-06-09T13:19:11.848-03:00  INFO 22252 --- [challenge_e-commerce] [           main] o.hibernate.jpa.internal.util.LogHelper  : HHH000204: Processing PersistenceUnitInfo [name: default]
2025-06-09T13:19:11.864-03:00  INFO 22252 --- [challenge_e-commerce] [           main] o.h.c.internal.RegionFactoryInitiator    : HHH000026: Second-level cache disabled
2025-06-09T13:19:11.926-03:00  INFO 22252 --- [challenge_e-commerce] [           main] o.s.o.j.p.SpringPersistenceUnitInfo      : No LoadTimeWeaver setup: ignoring JPA class transformer
2025-06-09T13:19:12.038-03:00  INFO 22252 --- [challenge_e-commerce] [           main] org.hibernate.orm.connections.pooling    : HHH10001005: Database info:
	Database JDBC URL [Connecting through datasource 'org.springframework.jdbc.datasource.embedded.EmbeddedDatabaseFactory$EmbeddedDataSourceProxy@1fecba34']
	Database driver: undefined/unknown
	Database version: 2.3.232
	Autocommit mode: undefined/unknown
	Isolation level: undefined/unknown
	Minimum pool size: undefined/unknown
	Maximum pool size: undefined/unknown
2025-06-09T13:19:12.644-03:00  INFO 22252 --- [challenge_e-commerce] [           main] o.h.e.t.j.p.i.JtaPlatformInitiator       : HHH000489: No JTA platform available (set 'hibernate.transaction.jta.platform' to enable JTA platform integration)
Hibernate: create table cart (id bigint generated by default as identity, date varchar(255) not null, status varchar(255) not null, total_discount float(53) not null, total_price float(53) not null, total_price_discount float(53) not null, user_id bigint, primary key (id))
Hibernate: create table item (id bigint generated by default as identity, item_name varchar(255) not null, price float(53) not null, quantity integer not null, cart_id bigint, primary key (id))
Hibernate: create table storage (id bigint generated by default as identity, name varchar(255), price float(53) not null, quantity integer not null, primary key (id))
Hibernate: create table users (id bigint generated by default as identity, category tinyint not null check (category between 0 and 1), customerid bigint not null, email varchar(255) not null, last_name varchar(255) not null, name varchar(255) not null, password varchar(255) not null, primary key (id))
Hibernate: alter table if exists cart add constraint FKg5uhi8vpsuy0lgloxk2h4w5o6 foreign key (user_id) references users
Hibernate: alter table if exists item add constraint FK4g2q77pbbf0faqae5uywbsodk foreign key (cart_id) references cart
2025-06-09T13:19:12.892-03:00  INFO 22252 --- [challenge_e-commerce] [           main] j.LocalContainerEntityManagerFactoryBean : Initialized JPA EntityManagerFactory for persistence unit 'default'
2025-06-09T13:19:13.061-03:00  INFO 22252 --- [challenge_e-commerce] [           main] g.s.c.r.CartRepositoryTests              : Started CartRepositoryTests in 3.275 seconds (process running for 37.661)
Hibernate: insert into cart (date,status,total_discount,total_price,total_price_discount,user_id,id) values (?,?,?,?,?,?,default)
Hibernate: insert into cart (date,status,total_discount,total_price,total_price_discount,user_id,id) values (?,?,?,?,?,?,default)
Hibernate: select c1_0.id,c1_0.date,c1_0.status,c1_0.total_discount,c1_0.total_price,c1_0.total_price_discount,c1_0.user_id from cart c1_0
]]></system-out>
  </testcase>
  <testcase name="CartRepository_CancelledStatusOnCart" classname="g.sants.challenge_e_commerce.repository_test.CartRepositoryTests" time="0.014">
    <system-out><![CDATA[Hibernate: insert into cart (date,status,total_discount,total_price,total_price_discount,user_id,id) values (?,?,?,?,?,?,default)
]]></system-out>
  </testcase>
  <testcase name="CartRepository_SavesCart" classname="g.sants.challenge_e_commerce.repository_test.CartRepositoryTests" time="0.014">
    <system-out><![CDATA[Hibernate: insert into cart (date,status,total_discount,total_price,total_price_discount,user_id,id) values (?,?,?,?,?,?,default)
]]></system-out>
  </testcase>
  <testcase name="CartRepository_FindCartById" classname="g.sants.challenge_e_commerce.repository_test.CartRepositoryTests" time="0.049">
    <system-out><![CDATA[Hibernate: insert into cart (date,status,total_discount,total_price,total_price_discount,user_id,id) values (?,?,?,?,?,?,default)
]]></system-out>
  </testcase>
  <testcase name="CartRepository_AddsItemToCart" classname="g.sants.challenge_e_commerce.repository_test.CartRepositoryTests" time="0.022">
    <system-out><![CDATA[Hibernate: insert into cart (date,status,total_discount,total_price,total_price_discount,user_id,id) values (?,?,?,?,?,?,default)
Hibernate: insert into item (cart_id,item_name,price,quantity,id) values (?,?,?,?,default)
]]></system-out>
  </testcase>
</testsuite>