<?xml version="1.0" encoding="UTF-8"?>
<testsuite xmlns:xsi="http://www.w3.org/2001/XMLSchema-instance" xsi:noNamespaceSchemaLocation="https://maven.apache.org/surefire/maven-surefire-plugin/xsd/surefire-test-report.xsd" version="3.0.2" name="g.sants.challenge_e_commerce.domain_test.UserTests" time="0.027" tests="3" errors="0" skipped="0" failures="0">
  <properties>
[...]
</properties>
  <testcase name="testFirstConstructor" classname="g.sants.challenge_e_commerce.domain_test.UserTests" time="0.019"/>
  <testcase name="testSecondConstructor" classname="g.sants.challenge_e_commerce.domain_test.UserTests" time="0.002"/>
  <testcase name="testThirdConstructor" classname="g.sants.challenge_e_commerce.domain_test.UserTests" time="0.001"/>
</testsuite>